2020-07-16 13:05:01,478 INFO:  Executing Execurte_Main_FIle.Execute_PurchaseOrder_from_TT()
2020-07-16 13:05:29,555 INFO: Executing method 'search_process' from TransactionTrackerOperations
2020-07-16 13:05:31,569 INFO: Executing TransactionTrackerOperations.select_customer()
2020-07-16 13:05:40,158 INFO: Executing TransactionTrackerOperations.select_customer()
2020-07-16 13:06:14,027 INFO:  Executing Execure_Main_FIle.Execute_Validation()
2020-07-16 13:06:14,035 INFO:  Executing Edi_validator.remove_delimiters()
2020-07-16 13:06:14,353 INFO:  Executing Edi_validator.presence_of_U
2020-07-16 13:06:14,368 INFO:  Executing Edi_validator.validate_supplier_retailer_cability_version()
2020-07-16 13:06:14,370 INFO:  Executing Edi_validator.ST_and_SE_validation()
2020-07-16 13:06:14,371 INFO:  Executing Edi_validator.ST_and_SE_validation()
2020-07-16 13:06:14,373 INFO:  Executing Edi_validator.Interchange_Header_Segment_Validation()
2020-07-16 13:06:14,374 INFO:  Executing Edi_validator.spacing_validation()
2020-07-16 13:06:14,374 INFO:  Executing Edi_validator.Document_version()
2020-07-16 13:06:14,374 INFO:  Executing Edi_validator.validation_for_Qualifiers()
2020-07-16 13:06:30,787 INFO: Executing method 'search_process' from TransactionTrackerOperations
2020-07-16 13:06:32,999 INFO: Executing TransactionTrackerOperations.select_customer()
2020-07-16 13:06:41,421 INFO: Executing TransactionTrackerOperations.select_customer()
2020-07-16 13:08:01,756 INFO:  Executing Execurte_Main_FIle.Execute_PurchaseOrder_from_TT()
2020-07-16 13:08:28,859 INFO: Executing method 'search_process' from TransactionTrackerOperations
2020-07-16 13:08:30,906 INFO: Executing TransactionTrackerOperations.select_customer()
2020-07-16 13:08:39,305 INFO: Executing TransactionTrackerOperations.select_customer()
2020-07-16 13:09:11,856 INFO:  Executing Execure_Main_FIle.Execute_Validation()
2020-07-16 13:09:11,865 INFO:  Executing Edi_validator.remove_delimiters()
2020-07-16 13:09:11,866 INFO:  Executing Edi_validator.presence_of_U
2020-07-16 13:09:11,866 INFO:  Executing Edi_validator.validate_supplier_retailer_cability_version()
2020-07-16 13:09:11,867 INFO:  Executing Edi_validator.ST_and_SE_validation()
2020-07-16 13:09:11,867 INFO:  Executing Edi_validator.ST_and_SE_validation()
2020-07-16 13:09:11,868 INFO:  Executing Edi_validator.Interchange_Header_Segment_Validation()
2020-07-16 13:09:11,868 INFO:  Executing Edi_validator.spacing_validation()
2020-07-16 13:09:11,868 INFO:  Executing Edi_validator.Document_version()
2020-07-16 13:09:11,869 INFO:  Executing Edi_validator.validation_for_Qualifiers()
2020-07-16 13:09:28,592 INFO: Executing method 'search_process' from TransactionTrackerOperations
2020-07-16 13:09:30,904 INFO: Executing TransactionTrackerOperations.select_customer()
2020-07-16 13:09:39,312 INFO: Executing TransactionTrackerOperations.select_customer()
2020-07-16 15:31:12,055 INFO:  Executing Execurte_Main_FIle.Execute_PurchaseOrder_from_TT()
2020-07-16 16:11:09,547 INFO:  Executing Execurte_Main_FIle.Execute_PurchaseOrder_from_TT()
2020-07-16 16:11:37,592 INFO: Executing method 'search_process' from TransactionTrackerOperations
2020-07-16 16:11:39,658 INFO: Executing TransactionTrackerOperations.select_customer()
2020-07-16 16:12:46,066 INFO:  Executing Execurte_Main_FIle.Execute_PurchaseOrder_from_TT()
2020-07-16 16:13:14,102 INFO: Executing method 'search_process' from TransactionTrackerOperations
2020-07-16 16:13:16,145 INFO: Executing TransactionTrackerOperations.select_customer()
2020-07-16 16:14:20,522 ERROR: Exception is Message: chrome not reachable
  (Session info: chrome=83.0.4103.116)
  (Driver info: chromedriver=2.40.565498 (ea082db3280dd6843ebfb08a625e3eb905c4f5ab),platform=Windows NT 10.0.18362 x86_64)
 in Execute_Maine.Execute_PurchaseOrder_from_TT()
2020-07-16 16:14:20,523 INFO:  Executing Execure_Main_FIle.Execute_Validation()
2020-07-16 16:14:20,554 INFO:  Executing Edi_validator.remove_delimiters()
2020-07-16 16:14:20,591 INFO:  Executing Edi_validator.presence_of_U
2020-07-16 16:14:20,607 INFO:  Executing Edi_validator.validate_supplier_retailer_cability_version()
2020-07-16 16:14:20,608 INFO:  Executing Edi_validator.ST_and_SE_validation()
2020-07-16 16:14:20,611 INFO:  Executing Edi_validator.ST_and_SE_validation()
2020-07-16 16:14:20,614 INFO:  Executing Edi_validator.Interchange_Header_Segment_Validation()
2020-07-16 16:14:20,615 INFO:  Executing Edi_validator.spacing_validation()
2020-07-16 16:14:20,617 INFO:  Executing Edi_validator.Document_version()
2020-07-16 16:14:20,618 INFO:  Executing Edi_validator.validation_for_Qualifiers()
2020-07-16 16:35:46,271 INFO:  Executing Execurte_Main_FIle.Execute_PurchaseOrder_from_TT()
2020-07-16 16:36:16,295 INFO: Executing method 'search_process' from TransactionTrackerOperations
2020-07-16 16:36:18,342 INFO: Executing TransactionTrackerOperations.select_customer()
2020-07-16 16:37:49,876 INFO:  Executing Execurte_Main_FIle.Execute_PurchaseOrder_from_TT()
2020-07-16 16:38:18,270 INFO: Executing method 'search_process' from TransactionTrackerOperations
2020-07-16 16:38:20,327 INFO: Executing TransactionTrackerOperations.select_customer()
2020-07-16 16:38:29,099 INFO: Executing TransactionTrackerOperations.select_customer()
2020-07-16 16:39:03,215 INFO:  Executing Execure_Main_FIle.Execute_Validation()
2020-07-16 16:39:03,233 INFO:  Executing Edi_validator.remove_delimiters()
2020-07-16 16:39:03,237 INFO:  Executing Edi_validator.presence_of_U
2020-07-16 16:39:03,237 INFO:  Executing Edi_validator.validate_supplier_retailer_cability_version()
2020-07-16 16:39:03,237 INFO:  Executing Edi_validator.ST_and_SE_validation()
2020-07-16 16:39:03,240 INFO:  Executing Edi_validator.ST_and_SE_validation()
2020-07-16 16:39:03,241 INFO:  Executing Edi_validator.Interchange_Header_Segment_Validation()
2020-07-16 16:39:03,242 INFO:  Executing Edi_validator.spacing_validation()
2020-07-16 16:39:03,242 INFO:  Executing Edi_validator.Document_version()
2020-07-16 16:39:03,242 INFO:  Executing Edi_validator.validation_for_Qualifiers()
2020-07-16 16:39:20,039 INFO: Executing method 'search_process' from TransactionTrackerOperations
2020-07-16 16:39:22,465 INFO: Executing TransactionTrackerOperations.select_customer()
2020-07-16 16:39:31,118 INFO: Executing TransactionTrackerOperations.select_customer()
2020-07-16 16:47:59,217 INFO:  Executing Execurte_Main_FIle.Execute_PurchaseOrder_from_TT()
2020-07-16 16:48:29,844 INFO: Executing method 'search_process' from TransactionTrackerOperations
2020-07-16 16:48:31,905 INFO: Executing TransactionTrackerOperations.select_customer()
2020-07-16 16:48:40,566 INFO: Executing TransactionTrackerOperations.select_customer()
2020-07-16 16:49:14,121 INFO:  Executing Execure_Main_FIle.Execute_Validation()
2020-07-16 16:49:14,151 INFO:  Executing Edi_validator.remove_delimiters()
2020-07-16 16:49:14,154 INFO:  Executing Edi_validator.presence_of_U
2020-07-16 16:49:14,155 INFO:  Executing Edi_validator.validate_supplier_retailer_cability_version()
2020-07-16 16:49:14,156 INFO:  Executing Edi_validator.ST_and_SE_validation()
2020-07-16 16:49:14,157 INFO:  Executing Edi_validator.ST_and_SE_validation()
2020-07-16 16:49:14,159 INFO:  Executing Edi_validator.Interchange_Header_Segment_Validation()
2020-07-16 16:49:14,160 INFO:  Executing Edi_validator.spacing_validation()
2020-07-16 16:49:14,160 INFO:  Executing Edi_validator.Document_version()
2020-07-16 16:49:14,161 INFO:  Executing Edi_validator.validation_for_Qualifiers()
2020-07-16 16:49:30,865 INFO: Executing method 'search_process' from TransactionTrackerOperations
2020-07-16 16:49:33,274 INFO: Executing TransactionTrackerOperations.select_customer()
2020-07-16 16:49:41,958 INFO: Executing TransactionTrackerOperations.select_customer()
2020-07-16 16:52:05,197 INFO:  Executing Execurte_Main_FIle.Execute_PurchaseOrder_from_TT()
2020-07-16 16:52:43,056 INFO: Executing method 'search_process' from TransactionTrackerOperations
2020-07-16 16:52:45,079 INFO: Executing TransactionTrackerOperations.select_customer()
2020-07-16 16:52:53,726 INFO: Executing TransactionTrackerOperations.select_customer()
2020-07-16 16:53:26,771 INFO:  Executing Execure_Main_FIle.Execute_Validation()
2020-07-16 16:53:26,792 INFO:  Executing Edi_validator.remove_delimiters()
2020-07-16 16:53:26,793 INFO:  Executing Edi_validator.presence_of_U
2020-07-16 16:53:26,793 INFO:  Executing Edi_validator.validate_supplier_retailer_cability_version()
2020-07-16 16:53:26,793 INFO:  Executing Edi_validator.ST_and_SE_validation()
2020-07-16 16:53:26,797 INFO:  Executing Edi_validator.ST_and_SE_validation()
2020-07-16 16:53:26,797 INFO:  Executing Edi_validator.Interchange_Header_Segment_Validation()
2020-07-16 16:53:26,797 INFO:  Executing Edi_validator.spacing_validation()
2020-07-16 16:53:26,801 INFO:  Executing Edi_validator.Document_version()
2020-07-16 16:53:26,801 INFO:  Executing Edi_validator.validation_for_Qualifiers()
2020-07-16 16:53:43,411 INFO: Executing method 'search_process' from TransactionTrackerOperations
2020-07-16 16:53:45,826 INFO: Executing TransactionTrackerOperations.select_customer()
2020-07-16 16:53:54,448 INFO: Executing TransactionTrackerOperations.select_customer()
2020-07-16 16:55:09,040 INFO:  Executing Execurte_Main_FIle.Execute_PurchaseOrder_from_TT()
2020-07-16 16:55:37,270 INFO: Executing method 'search_process' from TransactionTrackerOperations
2020-07-16 16:55:39,311 INFO: Executing TransactionTrackerOperations.select_customer()
2020-07-16 16:55:48,025 INFO: Executing TransactionTrackerOperations.select_customer()
2020-07-16 16:56:20,826 INFO:  Executing Execure_Main_FIle.Execute_Validation()
2020-07-16 16:56:20,835 INFO:  Executing Edi_validator.remove_delimiters()
2020-07-16 16:56:20,835 INFO:  Executing Edi_validator.presence_of_U
2020-07-16 16:56:20,835 INFO:  Executing Edi_validator.validate_supplier_retailer_cability_version()
2020-07-16 16:56:20,835 INFO:  Executing Edi_validator.ST_and_SE_validation()
2020-07-16 16:56:20,839 INFO:  Executing Edi_validator.ST_and_SE_validation()
2020-07-16 16:56:20,840 INFO:  Executing Edi_validator.Interchange_Header_Segment_Validation()
2020-07-16 16:56:20,840 INFO:  Executing Edi_validator.spacing_validation()
2020-07-16 16:56:20,840 INFO:  Executing Edi_validator.Document_version()
2020-07-16 16:56:20,841 INFO:  Executing Edi_validator.validation_for_Qualifiers()
2020-07-16 16:56:37,857 INFO: Executing method 'search_process' from TransactionTrackerOperations
2020-07-16 16:56:40,212 INFO: Executing TransactionTrackerOperations.select_customer()
2020-07-16 16:56:48,843 INFO: Executing TransactionTrackerOperations.select_customer()
